0 info it worked if it ends with ok
1 verbose cli [ '/Users/Farook/.nvm/versions/node/v6.4.0/bin/node',
1 verbose cli   '/Users/Farook/.nvm/versions/node/v6.4.0/bin/npm',
1 verbose cli   'run',
1 verbose cli   'start' ]
2 info using npm@3.10.3
3 info using node@v6.4.0
4 verbose run-script [ 'prestart', 'start', 'poststart' ]
5 info lifecycle heart-rate@1.0.0~prestart: heart-rate@1.0.0
6 silly lifecycle heart-rate@1.0.0~prestart: no script for prestart, continuing
7 info lifecycle heart-rate@1.0.0~start: heart-rate@1.0.0
8 verbose lifecycle heart-rate@1.0.0~start: unsafe-perm in lifecycle true
9 verbose lifecycle heart-rate@1.0.0~start: PATH: /Users/Farook/.nvm/versions/node/v6.4.0/lib/node_modules/npm/bin/node-gyp-bin:/Users/Farook/six/project/project-three/heart-rate/node_modules/.bin:/Users/Farook/.nvm/versions/node/v6.4.0/bin:/Users/Farook/.nvm/versions/node/v6.4.0/bin:/usr/local/bin:/usr/bin:/bin:/usr/sbin:/sbin
10 verbose lifecycle heart-rate@1.0.0~start: CWD: /Users/Farook/six/project/project-three/heart-rate
11 silly lifecycle heart-rate@1.0.0~start: Args: [ '-c', 'node .' ]
12 silly lifecycle heart-rate@1.0.0~start: Returned: code: 1  signal: null
13 info lifecycle heart-rate@1.0.0~start: Failed to exec start script
14 verbose stack Error: heart-rate@1.0.0 start: `node .`
14 verbose stack Exit status 1
14 verbose stack     at EventEmitter.<anonymous> (/Users/Farook/.nvm/versions/node/v6.4.0/lib/node_modules/npm/lib/utils/lifecycle.js:242:16)
14 verbose stack     at emitTwo (events.js:106:13)
14 verbose stack     at EventEmitter.emit (events.js:191:7)
14 verbose stack     at ChildProcess.<anonymous> (/Users/Farook/.nvm/versions/node/v6.4.0/lib/node_modules/npm/lib/utils/spawn.js:40:14)
14 verbose stack     at emitTwo (events.js:106:13)
14 verbose stack     at ChildProcess.emit (events.js:191:7)
14 verbose stack     at maybeClose (internal/child_process.js:852:16)
14 verbose stack     at Process.ChildProcess._handle.onexit (internal/child_process.js:215:5)
15 verbose pkgid heart-rate@1.0.0
16 verbose cwd /Users/Farook/six/project/project-three/heart-rate
17 error Darwin 15.0.0
18 error argv "/Users/Farook/.nvm/versions/node/v6.4.0/bin/node" "/Users/Farook/.nvm/versions/node/v6.4.0/bin/npm" "run" "start"
19 error node v6.4.0
20 error npm  v3.10.3
21 error code ELIFECYCLE
22 error heart-rate@1.0.0 start: `node .`
22 error Exit status 1
23 error Failed at the heart-rate@1.0.0 start script 'node .'.
23 error Make sure you have the latest version of node.js and npm installed.
23 error If you do, this is most likely a problem with the heart-rate package,
23 error not with npm itself.
23 error Tell the author that this fails on your system:
23 error     node .
23 error You can get information on how to open an issue for this project with:
23 error     npm bugs heart-rate
23 error Or if that isn't available, you can get their info via:
23 error     npm owner ls heart-rate
23 error There is likely additional logging output above.
24 verbose exit [ 1, true ]
